<?xml version="1.0" encoding="UTF-8"?>
<!-- Generated by org.testng.reporters.JUnitXMLReporter -->
<testsuite ignored="2" hostname="B0153-BhanuP" failures="0" tests="2" name="Test" time="0.046" errors="0" timestamp="2023-05-15T12:28:56 IST">
  <testcase classname="test.Demo" name="run" time="0.009"/>
  <testcase classname="test.Demo" name="write" time="0.001"/>
  <testcase classname="test.Demo" name="Bark" time="0.0">
    <ignored/>
  </testcase> <!-- Bark -->
  <testcase classname="test.Demo" name="p4" time="0.0">
    <ignored/>
  </testcase> <!-- p4 -->
</testsuite> <!-- Test -->
