<?xml version="1.0" encoding="UTF-8"?>
<testng-results ignored="0" total="4" passed="4" failed="0" skipped="0">
  <reporter-output>
  </reporter-output>
  <suite started-at="2023-05-15T12:29:33 IST" name="Default suite" finished-at="2023-05-15T12:29:33 IST" duration-ms="37">
    <groups>
      <group name="run">
        <method signature="Demo.run()[pri:0, instance:test.Demo@48e4374]" name="run" class="test.Demo"/>
        <method signature="Demo.write()[pri:0, instance:test.Demo@48e4374]" name="write" class="test.Demo"/>
      </group> <!-- run -->
    </groups>
    <test started-at="2023-05-15T12:29:33 IST" name="Default test" finished-at="2023-05-15T12:29:33 IST" duration-ms="37">
      <class name="test.Demo">
        <test-method is-config="true" signature="login()[pri:0, instance:test.Demo@48e4374]" started-at="2023-05-15T12:29:33 IST" name="login" finished-at="2023-05-15T12:29:33 IST" duration-ms="7" status="PASS">
          <reporter-output>
          </reporter-output>
        </test-method> <!-- login -->
        <test-method is-config="true" signature="t1()[pri:0, instance:test.Demo@48e4374]" started-at="2023-05-15T12:29:33 IST" name="t1" finished-at="2023-05-15T12:29:33 IST" duration-ms="0" status="PASS">
          <reporter-output>
          </reporter-output>
        </test-method> <!-- t1 -->
        <test-method is-config="true" signature="test()[pri:0, instance:test.Demo@48e4374]" started-at="2023-05-15T12:29:33 IST" name="test" finished-at="2023-05-15T12:29:33 IST" duration-ms="1" status="PASS">
          <reporter-output>
          </reporter-output>
        </test-method> <!-- test -->
        <test-method is-config="true" signature="p3()[pri:0, instance:test.Demo@48e4374]" started-at="2023-05-15T12:29:33 IST" name="p3" finished-at="2023-05-15T12:29:33 IST" duration-ms="1" status="PASS">
          <reporter-output>
          </reporter-output>
        </test-method> <!-- p3 -->
        <test-method is-config="true" signature="test1()[pri:0, instance:test.Demo@48e4374]" started-at="2023-05-15T12:29:33 IST" name="test1" finished-at="2023-05-15T12:29:33 IST" duration-ms="0" status="PASS">
          <reporter-output>
          </reporter-output>
        </test-method> <!-- test1 -->
        <test-method signature="Bark()[pri:0, instance:test.Demo@48e4374]" started-at="2023-05-15T12:29:33 IST" name="Bark" finished-at="2023-05-15T12:29:33 IST" duration-ms="5" status="PASS">
          <reporter-output>
          </reporter-output>
        </test-method> <!-- Bark -->
        <test-method is-config="true" signature="copy()[pri:0, instance:test.Demo@48e4374]" started-at="2023-05-15T12:29:33 IST" name="copy" finished-at="2023-05-15T12:29:33 IST" duration-ms="0" status="PASS">
          <reporter-output>
          </reporter-output>
        </test-method> <!-- copy -->
        <test-method is-config="true" signature="m1()[pri:0, instance:test.Demo@48e4374]" started-at="2023-05-15T12:29:33 IST" name="m1" finished-at="2023-05-15T12:29:33 IST" duration-ms="0" status="PASS">
          <reporter-output>
          </reporter-output>
        </test-method> <!-- m1 -->
        <test-method is-config="true" signature="copy()[pri:0, instance:test.Demo@48e4374]" started-at="2023-05-15T12:29:33 IST" name="copy" finished-at="2023-05-15T12:29:33 IST" duration-ms="0" status="PASS">
          <reporter-output>
          </reporter-output>
        </test-method> <!-- copy -->
        <test-method signature="p4()[pri:0, instance:test.Demo@48e4374]" started-at="2023-05-15T12:29:33 IST" name="p4" finished-at="2023-05-15T12:29:33 IST" duration-ms="1" status="PASS">
          <reporter-output>
          </reporter-output>
        </test-method> <!-- p4 -->
        <test-method is-config="true" signature="copy()[pri:0, instance:test.Demo@48e4374]" started-at="2023-05-15T12:29:33 IST" name="copy" finished-at="2023-05-15T12:29:33 IST" duration-ms="0" status="PASS">
          <reporter-output>
          </reporter-output>
        </test-method> <!-- copy -->
        <test-method signature="run()[pri:0, instance:test.Demo@48e4374]" started-at="2023-05-15T12:29:33 IST" name="run" finished-at="2023-05-15T12:29:33 IST" duration-ms="1" status="PASS">
          <reporter-output>
          </reporter-output>
        </test-method> <!-- run -->
        <test-method is-config="true" signature="m1()[pri:0, instance:test.Demo@48e4374]" started-at="2023-05-15T12:29:33 IST" name="m1" finished-at="2023-05-15T12:29:33 IST" duration-ms="0" status="PASS">
          <reporter-output>
          </reporter-output>
        </test-method> <!-- m1 -->
        <test-method is-config="true" signature="m1()[pri:0, instance:test.Demo@48e4374]" started-at="2023-05-15T12:29:33 IST" name="m1" finished-at="2023-05-15T12:29:33 IST" duration-ms="1" status="PASS">
          <reporter-output>
          </reporter-output>
        </test-method> <!-- m1 -->
        <test-method signature="write()[pri:0, instance:test.Demo@48e4374]" started-at="2023-05-15T12:29:33 IST" name="write" finished-at="2023-05-15T12:29:33 IST" duration-ms="0" status="PASS">
          <reporter-output>
          </reporter-output>
        </test-method> <!-- write -->
        <test-method is-config="true" signature="copy()[pri:0, instance:test.Demo@48e4374]" started-at="2023-05-15T12:29:33 IST" name="copy" finished-at="2023-05-15T12:29:33 IST" duration-ms="0" status="PASS">
          <reporter-output>
          </reporter-output>
        </test-method> <!-- copy -->
        <test-method is-config="true" signature="m1()[pri:0, instance:test.Demo@48e4374]" started-at="2023-05-15T12:29:33 IST" name="m1" finished-at="2023-05-15T12:29:33 IST" duration-ms="0" status="PASS">
          <reporter-output>
          </reporter-output>
        </test-method> <!-- m1 -->
      </class> <!-- test.Demo -->
    </test> <!-- Default test -->
  </suite> <!-- Default suite -->
</testng-results>
