<?xml version="1.0" encoding="UTF-8"?>
<!-- Generated by org.testng.reporters.JUnitXMLReporter -->
<testsuite ignored="0" hostname="B0153-BhanuP" failures="0" tests="4" name="Default test" time="0.037" errors="0" timestamp="2023-05-15T12:29:33 IST">
  <testcase classname="test.Demo" name="Bark" time="0.005"/>
  <testcase classname="test.Demo" name="p4" time="0.001"/>
  <testcase classname="test.Demo" name="run" time="0.001"/>
  <testcase classname="test.Demo" name="write" time="0.0"/>
</testsuite> <!-- Default test -->
