<?xml version="1.0" encoding="UTF-8"?>
<testng-results ignored="0" total="1" passed="1" failed="0" skipped="0">
  <reporter-output>
  </reporter-output>
  <suite started-at="2023-03-24T14:52:15 IST" name="Default suite" finished-at="2023-03-24T14:52:19 IST" duration-ms="4157">
    <groups>
    </groups>
    <test started-at="2023-03-24T14:52:15 IST" name="Default test" finished-at="2023-03-24T14:52:19 IST" duration-ms="4157">
      <class name="e1.ExtentReport">
        <test-method is-config="true" signature="Report()[pri:0, instance:e1.ExtentReport@f6efaab]" started-at="2023-03-24T14:52:15 IST" name="Report" finished-at="2023-03-24T14:52:15 IST" duration-ms="170" status="PASS">
          <reporter-output>
          </reporter-output>
        </test-method> <!-- Report -->
        <test-method signature="Extent()[pri:0, instance:e1.ExtentReport@f6efaab]" started-at="2023-03-24T14:52:15 IST" name="Extent" finished-at="2023-03-24T14:52:19 IST" duration-ms="3957" status="PASS">
          <reporter-output>
          </reporter-output>
        </test-method> <!-- Extent -->
      </class> <!-- e1.ExtentReport -->
    </test> <!-- Default test -->
  </suite> <!-- Default suite -->
</testng-results>
