<?xml version="1.0" encoding="UTF-8"?>
<!-- Generated by org.testng.reporters.JUnitXMLReporter -->
<testsuite ignored="1" hostname="B0153-BhanuP" failures="0" tests="3" name="Default test" time="34.057" errors="0" timestamp="2023-07-11T10:41:08 IST">
  <testcase classname="biocube_TruNtrance.Tru" name="LoginSuperAdmin" time="3.591"/>
  <testcase classname="biocube_TruNtrance.Tru" name="LoginSuperAdmin" time="0.467"/>
  <testcase classname="biocube_TruNtrance.Tru" name="LoginSuperAdmin" time="11.582"/>
  <testcase classname="biocube_TruNtrance.Tru" name="HomePage" time="0.0">
    <ignored/>
  </testcase> <!-- HomePage -->
</testsuite> <!-- Default test -->
