<?xml version="1.0" encoding="UTF-8"?>
<!-- Generated by org.testng.reporters.JUnitXMLReporter -->
<testsuite ignored="0" hostname="B0153-BhanuP" failures="0" tests="4" name="Test" time="0.043" errors="0" timestamp="2023-01-04T14:56:41 IST">
  <testcase classname="test1.Parametrisation" name="WebLogin" time="0.01"/>
  <testcase classname="test1.Parametrisation" name="login" time="0.001"/>
  <testcase classname="test1.Parametrisation" name="login" time="0.001"/>
  <testcase classname="test1.Parametrisation" name="login" time="0.001"/>
</testsuite> <!-- Test -->
